Unity Editor version:    2020.3.27f1 (e759542391ea)
Branch:                  2020.3/release
Build type:              Release
Batch mode:              YES
macOS version:           Version 11.5.1 (Build 20G80)
Darwin version:          20.6.0
Architecture:            x86_64
Running under Rosetta:   YES
Available memory:        8192 MB
Using pre-set license
Pro License: NO

COMMAND LINE ARGUMENTS:
/Applications/Unity/Hub/Editor/2020.3.27f1/Unity.app/Contents/MacOS/Unity
-adb2
-batchMode
-noUpm
-name
AssetImportWorker0
-projectPath
/Users/shawnphilipps/Desktop/BC Spring 2022/Unity Lab Repository/UnityLab-CISC-3667
-logFile
Logs/AssetImportWorker0.log
-srvPort
50179
Successfully changed project path to: /Users/shawnphilipps/Desktop/BC Spring 2022/Unity Lab Repository/UnityLab-CISC-3667
/Users/shawnphilipps/Desktop/BC Spring 2022/Unity Lab Repository/UnityLab-CISC-3667
Using Asset Import Pipeline V2.
Refreshing native plugins compatible for Editor in 80.99 ms, found 3 plugins.
Preloading 0 native plugins for Editor in 0.00 ms.
Initialize engine version: 2020.3.27f1 (e759542391ea)
[Subsystems] Discovering subsystems at path /Applications/Unity/Hub/Editor/2020.3.27f1/Unity.app/Contents/Resources/UnitySubsystems
[Subsystems] Discovering subsystems at path /Users/shawnphilipps/Desktop/BC Spring 2022/Unity Lab Repository/UnityLab-CISC-3667/Assets
GfxDevice: creating device client; threaded=0
2022-05-08 13:54:22.114 Unity[58254:13525735] (null) preferred device: Apple M1 (high power)
2022-05-08 13:54:22.114 Unity[58254:13525735] Metal devices available: 1
2022-05-08 13:54:22.114 Unity[58254:13525735] 0: Apple M1 (high power)
2022-05-08 13:54:22.114 Unity[58254:13525735] Using device Apple M1 (high power)
Initializing Metal device caps: Apple M1
Initialize mono
Mono path[0] = '/Applications/Unity/Hub/Editor/2020.3.27f1/Unity.app/Contents/Managed'
Mono path[1] = '/Applications/Unity/Hub/Editor/2020.3.27f1/Unity.app/Contents/MonoBleedingEdge/lib/mono/unityjit'
Mono config path = '/Applications/Unity/Hub/Editor/2020.3.27f1/Unity.app/Contents/MonoBleedingEdge/etc'
Using monoOptions --debugger-agent=transport=dt_socket,embedding=1,server=y,suspend=n,address=127.0.0.1:56254
Begin MonoManager ReloadAssembly
Registering precompiled unity dll's ...
Register platform support module: /Applications/Unity/Hub/Editor/2020.3.27f1/PlaybackEngines/WebGLSupport/UnityEditor.WebGL.Extensions.dll
Register platform support module: /Applications/Unity/Hub/Editor/2020.3.27f1/Unity.app/Contents/PlaybackEngines/MacStandaloneSupport/UnityEditor.OSXStandalone.Extensions.dll
Registered in 0.001431 seconds.
Native extension for OSXStandalone target not found
Native extension for WebGL target not found
Refreshing native plugins compatible for Editor in 47.19 ms, found 3 plugins.
Preloading 0 native plugins for Editor in 0.00 ms.
Mono: successfully reloaded assembly
- Completed reload, in  1.430 seconds
Domain Reload Profiling:
	ReloadAssembly (1430ms)
		BeginReloadAssembly (117ms)
			ExecutionOrderSort (0ms)
			DisableScriptedObjects (0ms)
			BackupInstance (0ms)
			ReleaseScriptingObjects (0ms)
			CreateAndSetChildDomain (3ms)
		EndReloadAssembly (1179ms)
			LoadAssemblies (114ms)
			RebuildTransferFunctionScriptingTraits (1ms)
			SetupTypeCache (193ms)
			ReleaseScriptCaches (0ms)
			RebuildScriptCaches (47ms)
			SetupLoadedEditorAssemblies (630ms)
				LogAssemblyErrors (0ms)
				InitializePlatformSupportModulesInManaged (15ms)
				SetLoadedEditorAssemblies (1ms)
				RefreshPlugins (47ms)
				BeforeProcessingInitializeOnLoad (88ms)
				ProcessInitializeOnLoadAttributes (361ms)
				ProcessInitializeOnLoadMethodAttributes (117ms)
				AfterProcessingInitializeOnLoad (0ms)
				EditorAssembliesLoaded (1ms)
			ExecutionOrderSort2 (0ms)
			AwakeInstancesAfterBackupRestoration (0ms)
Platform modules already initialized, skipping
Registering precompiled user dll's ...
Registered in 0.002893 seconds.
Begin MonoManager ReloadAssembly
Native extension for OSXStandalone target not found
Native extension for WebGL target not found
Refreshing native plugins compatible for Editor in 47.63 ms, found 3 plugins.
Preloading 0 native plugins for Editor in 0.00 ms.
Mono: successfully reloaded assembly
- Completed reload, in  2.652 seconds
Domain Reload Profiling:
	ReloadAssembly (2654ms)
		BeginReloadAssembly (341ms)
			ExecutionOrderSort (0ms)
			DisableScriptedObjects (41ms)
			BackupInstance (0ms)
			ReleaseScriptingObjects (0ms)
			CreateAndSetChildDomain (58ms)
		EndReloadAssembly (2206ms)
			LoadAssemblies (246ms)
			RebuildTransferFunctionScriptingTraits (0ms)
			SetupTypeCache (379ms)
			ReleaseScriptCaches (1ms)
			RebuildScriptCaches (65ms)
			SetupLoadedEditorAssemblies (1176ms)
				LogAssemblyErrors (0ms)
				InitializePlatformSupportModulesInManaged (13ms)
				SetLoadedEditorAssemblies (1ms)
				RefreshPlugins (48ms)
				BeforeProcessingInitializeOnLoad (191ms)
				ProcessInitializeOnLoadAttributes (867ms)
				ProcessInitializeOnLoadMethodAttributes (56ms)
				AfterProcessingInitializeOnLoad (1ms)
				EditorAssembliesLoaded (0ms)
			ExecutionOrderSort2 (0ms)
			AwakeInstancesAfterBackupRestoration (41ms)
Platform modules already initialized, skipping
Validating Project structure ... 0.016607 seconds.
Shader import version has changed; will reimport all shaders...
Upgrading shader files ...0.019588 seconds.
Application.AssetDatabase Initial Script Refresh Start
RefreshInfo: InitialScriptRefreshV2(NoUpdateAssetOptions) scanfilter:  ... 1 filters
RefreshProfiler: Total: 0.000ms
Application.AssetDatabase Initial Script Refresh End
Application.AssetDatabase.Refresh Start
Application.AssetDatabase.Refresh End
RefreshInfo: StopAssetImportingV2(ForceSynchronousImport) scanfilter: 
RefreshProfiler: Total: 0.000ms
Launching external process: /Applications/Unity/Hub/Editor/2020.3.27f1/Unity.app/Contents/Tools/UnityShaderCompiler
Launched and connected shader compiler UnityShaderCompiler after 0.04 seconds
Initializing Unity extensions:
========================================================================
Worker process is ready to serve import requests
Refreshing native plugins compatible for Editor in 0.50 ms, found 3 plugins.
Preloading 0 native plugins for Editor in 0.00 ms.
Unloading 2332 Unused Serialized files (Serialized files now loaded: 0)
System memory in use before: 234.6 MB.
System memory in use after: 233.2 MB.

Unloading 199 unused Assets to reduce memory usage. Loaded Objects now: 2812.
Total: 3.154709 ms (FindLiveObjects: 0.134750 ms CreateObjectMapping: 0.049834 ms MarkObjects: 2.173875 ms  DeleteObjects: 0.795292 ms)

AssetImportParameters requested are different than current active one (requested -> active):
  custom:video-decoder-ogg-theora: a1e56fd34408186e4bbccfd4996cb3dc -> 
  custom:container-muxer-webm: aa71ff27fc2769a1b78a27578f13a17b -> 
  custom:container-demuxer-webm: 4f35f7cbe854078d1ac9338744f61a02 -> 
  custom:container-demuxer-ogg: 62fdf1f143b41e24485cea50d1cbac27 -> 
  custom:video-encoder-webm-vp8: eb34c28f22e8b96e1ab97ce403110664 -> 
  custom:framework-osx-AVFoundation: e770b220cccbd017edd2c1fefb359320 -> 
  custom:video-decoder-webm-vp8: 9c59270c3fd7afecdb556c50c9e8de78 -> 
  custom:audio-decoder-ogg-vorbis: bf7c407c2cedff20999df2af8eb42d56 -> 
  custom:audio-encoder-webm-vorbis: bf7c407c2cedff20999df2af8eb42d56 -> 
========================================================================
Received Import Request.
  path: Assets/Standard Assets/Vehicles/Aircraft/Textures/AircraftPropellerBlur02WhiteAlbedo.png
  artifactKey: Guid(5d71e30febe908949a93dafb077b4ec9) Importer(815301076,1909f56bfc062723c751e8b465ee728b)
Start importing Assets/Standard Assets/Vehicles/Aircraft/Textures/AircraftPropellerBlur02WhiteAlbedo.png using Guid(5d71e30febe908949a93dafb077b4ec9) Importer(815301076,1909f56bfc062723c751e8b465ee728b)  -> (artifact id: '9c64ee0d666e2c4ef46e48ecbab0d112') in 0.971363 seconds 
  Import took 0.980842 seconds .

========================================================================
Received Import Request.
  Time since last request: 0.002268 seconds.
  path: Assets/Standard Assets/Vehicles/Aircraft/Textures/AircraftPropellerBlur02GreyAlbedo.png
  artifactKey: Guid(da369a9e24c14b04da8e0be4d9fbee0c) Importer(815301076,1909f56bfc062723c751e8b465ee728b)
Start importing Assets/Standard Assets/Vehicles/Aircraft/Textures/AircraftPropellerBlur02GreyAlbedo.png using Guid(da369a9e24c14b04da8e0be4d9fbee0c) Importer(815301076,1909f56bfc062723c751e8b465ee728b)  -> (artifact id: '54f1ef81dd3ea1c49c506f1ec080dea6') in 0.011474 seconds 
  Import took 0.015748 seconds .

========================================================================
Received Import Request.
  Time since last request: 0.000282 seconds.
  path: Assets/Standard Assets/Vehicles/Aircraft/Textures/AircraftPropellerBlur01WhiteAlbedo.png
  artifactKey: Guid(a01d24876a1472b408ba8e5f0bf3a23f) Importer(815301076,1909f56bfc062723c751e8b465ee728b)
Start importing Assets/Standard Assets/Vehicles/Aircraft/Textures/AircraftPropellerBlur01WhiteAlbedo.png using Guid(a01d24876a1472b408ba8e5f0bf3a23f) Importer(815301076,1909f56bfc062723c751e8b465ee728b)  -> (artifact id: 'bbd7ecc091b442ca3859ec4177a7007c') in 0.012060 seconds 
  Import took 0.016182 seconds .

========================================================================
Received Import Request.
  Time since last request: 0.002015 seconds.
  path: Assets/Standard Assets/Vehicles/Aircraft/Textures/AircraftPropellerBlur03WhiteAlbedo.png
  artifactKey: Guid(0d0e2aad9fc8ad04ba15c42753f8b797) Importer(815301076,1909f56bfc062723c751e8b465ee728b)
Start importing Assets/Standard Assets/Vehicles/Aircraft/Textures/AircraftPropellerBlur03WhiteAlbedo.png using Guid(0d0e2aad9fc8ad04ba15c42753f8b797) Importer(815301076,1909f56bfc062723c751e8b465ee728b)  -> (artifact id: 'b7dec0719eb8e660c4dcd572a952f46f') in 0.008425 seconds 
  Import took 0.012012 seconds .

========================================================================
Received Import Request.
  Time since last request: 0.000477 seconds.
  path: Assets/Standard Assets/Vehicles/Aircraft/Textures/AircraftFuselageNormals.png
  artifactKey: Guid(c7e9ae087ac710a4980ed418c192e2fb) Importer(815301076,1909f56bfc062723c751e8b465ee728b)
Start importing Assets/Standard Assets/Vehicles/Aircraft/Textures/AircraftFuselageNormals.png using Guid(c7e9ae087ac710a4980ed418c192e2fb) Importer(815301076,1909f56bfc062723c751e8b465ee728b)  -> (artifact id: '1561de028371e05261e4a99d60e57307') in 0.075616 seconds 
  Import took 0.080828 seconds .

========================================================================
Received Import Request.
  Time since last request: 0.000300 seconds.
  path: Assets/Standard Assets/Vehicles/Aircraft/Textures/AircraftPropellerBlur01GreyAlbedo.png
  artifactKey: Guid(9bae725505bdaf5488cd1720e6f829bd) Importer(815301076,1909f56bfc062723c751e8b465ee728b)
Start importing Assets/Standard Assets/Vehicles/Aircraft/Textures/AircraftPropellerBlur01GreyAlbedo.png using Guid(9bae725505bdaf5488cd1720e6f829bd) Importer(815301076,1909f56bfc062723c751e8b465ee728b)  -> (artifact id: '3dee2a58670ac736f23c19329c4d5a05') in 0.006076 seconds 
  Import took 0.009650 seconds .

========================================================================
Received Import Request.
  Time since last request: 0.000220 seconds.
  path: Assets/Standard Assets/Vehicles/Aircraft/Textures/AircraftPropellerBlur03GreyAlbedo.png
  artifactKey: Guid(2beb3362d4b99ed40890889c97d63cd4) Importer(815301076,1909f56bfc062723c751e8b465ee728b)
Start importing Assets/Standard Assets/Vehicles/Aircraft/Textures/AircraftPropellerBlur03GreyAlbedo.png using Guid(2beb3362d4b99ed40890889c97d63cd4) Importer(815301076,1909f56bfc062723c751e8b465ee728b)  -> (artifact id: '8a0b572d38abf98c5616482dec88b020') in 0.006697 seconds 
  Import took 0.010259 seconds .

========================================================================
Received Import Request.
  Time since last request: 0.000247 seconds.
  path: Assets/Standard Assets/Vehicles/Aircraft/Textures/AircraftFuselageOcclusion.png
  artifactKey: Guid(d378ff11c42566d46b0b11cd91eca3a3) Importer(815301076,1909f56bfc062723c751e8b465ee728b)
Start importing Assets/Standard Assets/Vehicles/Aircraft/Textures/AircraftFuselageOcclusion.png using Guid(d378ff11c42566d46b0b11cd91eca3a3) Importer(815301076,1909f56bfc062723c751e8b465ee728b)  -> (artifact id: 'ea603a127a5ad6ec0b26d696956fe89f') in 0.014250 seconds 
  Import took 0.017803 seconds .

========================================================================
Received Prepare
Registering precompiled user dll's ...
Registered in 0.004273 seconds.
Begin MonoManager ReloadAssembly
Native extension for OSXStandalone target not found
Native extension for WebGL target not found
Refreshing native plugins compatible for Editor in 0.46 ms, found 3 plugins.
Preloading 0 native plugins for Editor in 0.00 ms.
Mono: successfully reloaded assembly
- Completed reload, in  2.785 seconds
Domain Reload Profiling:
	ReloadAssembly (2787ms)
		BeginReloadAssembly (328ms)
			ExecutionOrderSort (0ms)
			DisableScriptedObjects (45ms)
			BackupInstance (0ms)
			ReleaseScriptingObjects (0ms)
			CreateAndSetChildDomain (110ms)
		EndReloadAssembly (2348ms)
			LoadAssemblies (255ms)
			RebuildTransferFunctionScriptingTraits (1ms)
			SetupTypeCache (383ms)
			ReleaseScriptCaches (1ms)
			RebuildScriptCaches (59ms)
			SetupLoadedEditorAssemblies (1346ms)
				LogAssemblyErrors (0ms)
				InitializePlatformSupportModulesInManaged (19ms)
				SetLoadedEditorAssemblies (2ms)
				RefreshPlugins (0ms)
				BeforeProcessingInitializeOnLoad (324ms)
				ProcessInitializeOnLoadAttributes (949ms)
				ProcessInitializeOnLoadMethodAttributes (50ms)
				AfterProcessingInitializeOnLoad (1ms)
				EditorAssembliesLoaded (1ms)
			ExecutionOrderSort2 (0ms)
			AwakeInstancesAfterBackupRestoration (47ms)
Platform modules already initialized, skipping
Refreshing native plugins compatible for Editor in 0.47 ms, found 3 plugins.
Preloading 0 native plugins for Editor in 0.00 ms.
Unloading 2308 Unused Serialized files (Serialized files now loaded: 0)
System memory in use before: 235.7 MB.
System memory in use after: 235.3 MB.

Unloading 23 unused Assets to reduce memory usage. Loaded Objects now: 2820.
Total: 3.580375 ms (FindLiveObjects: 0.148417 ms CreateObjectMapping: 0.052083 ms MarkObjects: 2.592666 ms  DeleteObjects: 0.786333 ms)

AssetImportParameters requested are different than current active one (requested -> active):
  custom:video-decoder-ogg-theora: a1e56fd34408186e4bbccfd4996cb3dc -> 
  custom:container-muxer-webm: aa71ff27fc2769a1b78a27578f13a17b -> 
  custom:container-demuxer-webm: 4f35f7cbe854078d1ac9338744f61a02 -> 
  custom:container-demuxer-ogg: 62fdf1f143b41e24485cea50d1cbac27 -> 
  custom:video-encoder-webm-vp8: eb34c28f22e8b96e1ab97ce403110664 -> 
  custom:framework-osx-AVFoundation: e770b220cccbd017edd2c1fefb359320 -> 
  custom:video-decoder-webm-vp8: 9c59270c3fd7afecdb556c50c9e8de78 -> 
  custom:audio-decoder-ogg-vorbis: bf7c407c2cedff20999df2af8eb42d56 -> 
  custom:audio-encoder-webm-vorbis: bf7c407c2cedff20999df2af8eb42d56 -> 
========================================================================
Received Prepare
Registering precompiled user dll's ...
Registered in 0.003655 seconds.
Begin MonoManager ReloadAssembly
Native extension for OSXStandalone target not found
Native extension for WebGL target not found
Refreshing native plugins compatible for Editor in 0.52 ms, found 3 plugins.
Preloading 0 native plugins for Editor in 0.00 ms.
Mono: successfully reloaded assembly
- Completed reload, in  2.606 seconds
Domain Reload Profiling:
	ReloadAssembly (2608ms)
		BeginReloadAssembly (284ms)
			ExecutionOrderSort (0ms)
			DisableScriptedObjects (43ms)
			BackupInstance (0ms)
			ReleaseScriptingObjects (1ms)
			CreateAndSetChildDomain (114ms)
		EndReloadAssembly (2219ms)
			LoadAssemblies (214ms)
			RebuildTransferFunctionScriptingTraits (0ms)
			SetupTypeCache (403ms)
			ReleaseScriptCaches (1ms)
			RebuildScriptCaches (60ms)
			SetupLoadedEditorAssemblies (1199ms)
				LogAssemblyErrors (0ms)
				InitializePlatformSupportModulesInManaged (19ms)
				SetLoadedEditorAssemblies (1ms)
				RefreshPlugins (1ms)
				BeforeProcessingInitializeOnLoad (281ms)
				ProcessInitializeOnLoadAttributes (851ms)
				ProcessInitializeOnLoadMethodAttributes (45ms)
				AfterProcessingInitializeOnLoad (1ms)
				EditorAssembliesLoaded (0ms)
			ExecutionOrderSort2 (0ms)
			AwakeInstancesAfterBackupRestoration (50ms)
Platform modules already initialized, skipping
Refreshing native plugins compatible for Editor in 0.48 ms, found 3 plugins.
Preloading 0 native plugins for Editor in 0.00 ms.
Unloading 2308 Unused Serialized files (Serialized files now loaded: 0)
System memory in use before: 236.1 MB.
System memory in use after: 235.6 MB.

Unloading 22 unused Assets to reduce memory usage. Loaded Objects now: 2823.
Total: 2.793500 ms (FindLiveObjects: 0.144459 ms CreateObjectMapping: 0.048375 ms MarkObjects: 2.154750 ms  DeleteObjects: 0.445042 ms)

AssetImportParameters requested are different than current active one (requested -> active):
  custom:video-decoder-ogg-theora: a1e56fd34408186e4bbccfd4996cb3dc -> 
  custom:container-muxer-webm: aa71ff27fc2769a1b78a27578f13a17b -> 
  custom:container-demuxer-webm: 4f35f7cbe854078d1ac9338744f61a02 -> 
  custom:container-demuxer-ogg: 62fdf1f143b41e24485cea50d1cbac27 -> 
  custom:video-encoder-webm-vp8: eb34c28f22e8b96e1ab97ce403110664 -> 
  custom:framework-osx-AVFoundation: e770b220cccbd017edd2c1fefb359320 -> 
  custom:video-decoder-webm-vp8: 9c59270c3fd7afecdb556c50c9e8de78 -> 
  custom:audio-decoder-ogg-vorbis: bf7c407c2cedff20999df2af8eb42d56 -> 
  custom:audio-encoder-webm-vorbis: bf7c407c2cedff20999df2af8eb42d56 -> 
========================================================================
Received Prepare
Registering precompiled user dll's ...
Registered in 0.004241 seconds.
Begin MonoManager ReloadAssembly
Native extension for OSXStandalone target not found
Native extension for WebGL target not found
Refreshing native plugins compatible for Editor in 0.51 ms, found 3 plugins.
Preloading 0 native plugins for Editor in 0.00 ms.
Mono: successfully reloaded assembly
- Completed reload, in  2.627 seconds
Domain Reload Profiling:
	ReloadAssembly (2628ms)
		BeginReloadAssembly (292ms)
			ExecutionOrderSort (0ms)
			DisableScriptedObjects (49ms)
			BackupInstance (0ms)
			ReleaseScriptingObjects (0ms)
			CreateAndSetChildDomain (123ms)
		EndReloadAssembly (2224ms)
			LoadAssemblies (198ms)
			RebuildTransferFunctionScriptingTraits (0ms)
			SetupTypeCache (378ms)
			ReleaseScriptCaches (1ms)
			RebuildScriptCaches (60ms)
			SetupLoadedEditorAssemblies (1238ms)
				LogAssemblyErrors (0ms)
				InitializePlatformSupportModulesInManaged (20ms)
				SetLoadedEditorAssemblies (2ms)
				RefreshPlugins (1ms)
				BeforeProcessingInitializeOnLoad (309ms)
				ProcessInitializeOnLoadAttributes (858ms)
				ProcessInitializeOnLoadMethodAttributes (46ms)
				AfterProcessingInitializeOnLoad (2ms)
				EditorAssembliesLoaded (0ms)
			ExecutionOrderSort2 (0ms)
			AwakeInstancesAfterBackupRestoration (47ms)
Platform modules already initialized, skipping
Refreshing native plugins compatible for Editor in 0.48 ms, found 3 plugins.
Preloading 0 native plugins for Editor in 0.00 ms.
Unloading 2308 Unused Serialized files (Serialized files now loaded: 0)
System memory in use before: 236.3 MB.
System memory in use after: 235.8 MB.

Unloading 22 unused Assets to reduce memory usage. Loaded Objects now: 2826.
Total: 2.726250 ms (FindLiveObjects: 0.122417 ms CreateObjectMapping: 0.047750 ms MarkObjects: 2.091750 ms  DeleteObjects: 0.463542 ms)

AssetImportParameters requested are different than current active one (requested -> active):
  custom:video-decoder-ogg-theora: a1e56fd34408186e4bbccfd4996cb3dc -> 
  custom:container-muxer-webm: aa71ff27fc2769a1b78a27578f13a17b -> 
  custom:container-demuxer-webm: 4f35f7cbe854078d1ac9338744f61a02 -> 
  custom:container-demuxer-ogg: 62fdf1f143b41e24485cea50d1cbac27 -> 
  custom:video-encoder-webm-vp8: eb34c28f22e8b96e1ab97ce403110664 -> 
  custom:framework-osx-AVFoundation: e770b220cccbd017edd2c1fefb359320 -> 
  custom:video-decoder-webm-vp8: 9c59270c3fd7afecdb556c50c9e8de78 -> 
  custom:audio-decoder-ogg-vorbis: bf7c407c2cedff20999df2af8eb42d56 -> 
  custom:audio-encoder-webm-vorbis: bf7c407c2cedff20999df2af8eb42d56 -> 
========================================================================
Received Prepare
Registering precompiled user dll's ...
Registered in 0.005360 seconds.
Begin MonoManager ReloadAssembly
Native extension for OSXStandalone target not found
Native extension for WebGL target not found
Refreshing native plugins compatible for Editor in 0.46 ms, found 3 plugins.
Preloading 0 native plugins for Editor in 0.00 ms.
Mono: successfully reloaded assembly
- Completed reload, in  2.479 seconds
Domain Reload Profiling:
	ReloadAssembly (2480ms)
		BeginReloadAssembly (289ms)
			ExecutionOrderSort (0ms)
			DisableScriptedObjects (45ms)
			BackupInstance (0ms)
			ReleaseScriptingObjects (0ms)
			CreateAndSetChildDomain (97ms)
		EndReloadAssembly (2092ms)
			LoadAssemblies (244ms)
			RebuildTransferFunctionScriptingTraits (0ms)
			SetupTypeCache (348ms)
			ReleaseScriptCaches (1ms)
			RebuildScriptCaches (54ms)
			SetupLoadedEditorAssemblies (1167ms)
				LogAssemblyErrors (0ms)
				InitializePlatformSupportModulesInManaged (18ms)
				SetLoadedEditorAssemblies (2ms)
				RefreshPlugins (0ms)
				BeforeProcessingInitializeOnLoad (269ms)
				ProcessInitializeOnLoadAttributes (834ms)
				ProcessInitializeOnLoadMethodAttributes (42ms)
				AfterProcessingInitializeOnLoad (1ms)
				EditorAssembliesLoaded (0ms)
			ExecutionOrderSort2 (0ms)
			AwakeInstancesAfterBackupRestoration (43ms)
Platform modules already initialized, skipping
Refreshing native plugins compatible for Editor in 0.48 ms, found 3 plugins.
Preloading 0 native plugins for Editor in 0.00 ms.
Unloading 2308 Unused Serialized files (Serialized files now loaded: 0)
System memory in use before: 236.4 MB.
System memory in use after: 236.0 MB.

Unloading 22 unused Assets to reduce memory usage. Loaded Objects now: 2829.
Total: 2.575459 ms (FindLiveObjects: 0.097750 ms CreateObjectMapping: 0.043292 ms MarkObjects: 1.999375 ms  DeleteObjects: 0.434417 ms)

AssetImportParameters requested are different than current active one (requested -> active):
  custom:video-decoder-ogg-theora: a1e56fd34408186e4bbccfd4996cb3dc -> 
  custom:container-muxer-webm: aa71ff27fc2769a1b78a27578f13a17b -> 
  custom:container-demuxer-webm: 4f35f7cbe854078d1ac9338744f61a02 -> 
  custom:container-demuxer-ogg: 62fdf1f143b41e24485cea50d1cbac27 -> 
  custom:video-encoder-webm-vp8: eb34c28f22e8b96e1ab97ce403110664 -> 
  custom:framework-osx-AVFoundation: e770b220cccbd017edd2c1fefb359320 -> 
  custom:video-decoder-webm-vp8: 9c59270c3fd7afecdb556c50c9e8de78 -> 
  custom:audio-decoder-ogg-vorbis: bf7c407c2cedff20999df2af8eb42d56 -> 
  custom:audio-encoder-webm-vorbis: bf7c407c2cedff20999df2af8eb42d56 -> 
========================================================================
Received Prepare
Refreshing native plugins compatible for Editor in 2.97 ms, found 3 plugins.
Preloading 0 native plugins for Editor in 0.00 ms.
Unloading 20 Unused Serialized files (Serialized files now loaded: 0)
System memory in use before: 190.4 MB.
System memory in use after: 189.9 MB.

Unloading 20 unused Assets to reduce memory usage. Loaded Objects now: 2829.
Total: 12.875958 ms (FindLiveObjects: 0.283709 ms CreateObjectMapping: 0.056458 ms MarkObjects: 11.966458 ms  DeleteObjects: 0.568208 ms)

AssetImportParameters requested are different than current active one (requested -> active):
  custom:video-decoder-ogg-theora: a1e56fd34408186e4bbccfd4996cb3dc -> 
  custom:container-muxer-webm: aa71ff27fc2769a1b78a27578f13a17b -> 
  custom:container-demuxer-webm: 4f35f7cbe854078d1ac9338744f61a02 -> 
  custom:container-demuxer-ogg: 62fdf1f143b41e24485cea50d1cbac27 -> 
  custom:video-encoder-webm-vp8: eb34c28f22e8b96e1ab97ce403110664 -> 
  custom:framework-osx-AVFoundation: e770b220cccbd017edd2c1fefb359320 -> 
  custom:video-decoder-webm-vp8: 9c59270c3fd7afecdb556c50c9e8de78 -> 
  custom:audio-decoder-ogg-vorbis: bf7c407c2cedff20999df2af8eb42d56 -> 
  custom:audio-encoder-webm-vorbis: bf7c407c2cedff20999df2af8eb42d56 -> 
========================================================================
Received Prepare
Registering precompiled user dll's ...
Registered in 0.004323 seconds.
Begin MonoManager ReloadAssembly
Native extension for OSXStandalone target not found
Native extension for WebGL target not found
Refreshing native plugins compatible for Editor in 0.56 ms, found 3 plugins.
Preloading 0 native plugins for Editor in 0.00 ms.
Mono: successfully reloaded assembly
- Completed reload, in  2.831 seconds
Domain Reload Profiling:
	ReloadAssembly (2834ms)
		BeginReloadAssembly (326ms)
			ExecutionOrderSort (0ms)
			DisableScriptedObjects (42ms)
			BackupInstance (0ms)
			ReleaseScriptingObjects (0ms)
			CreateAndSetChildDomain (122ms)
		EndReloadAssembly (2384ms)
			LoadAssemblies (258ms)
			RebuildTransferFunctionScriptingTraits (1ms)
			SetupTypeCache (368ms)
			ReleaseScriptCaches (1ms)
			RebuildScriptCaches (55ms)
			SetupLoadedEditorAssemblies (1383ms)
				LogAssemblyErrors (0ms)
				InitializePlatformSupportModulesInManaged (20ms)
				SetLoadedEditorAssemblies (2ms)
				RefreshPlugins (1ms)
				BeforeProcessingInitializeOnLoad (338ms)
				ProcessInitializeOnLoadAttributes (968ms)
				ProcessInitializeOnLoadMethodAttributes (53ms)
				AfterProcessingInitializeOnLoad (1ms)
				EditorAssembliesLoaded (1ms)
			ExecutionOrderSort2 (0ms)
			AwakeInstancesAfterBackupRestoration (53ms)
Platform modules already initialized, skipping
Refreshing native plugins compatible for Editor in 0.46 ms, found 3 plugins.
Preloading 0 native plugins for Editor in 0.00 ms.
Unloading 2308 Unused Serialized files (Serialized files now loaded: 0)
System memory in use before: 236.6 MB.
System memory in use after: 236.1 MB.

Unloading 22 unused Assets to reduce memory usage. Loaded Objects now: 2832.
Total: 3.954083 ms (FindLiveObjects: 0.128750 ms CreateObjectMapping: 0.078166 ms MarkObjects: 2.955375 ms  DeleteObjects: 0.790750 ms)

AssetImportParameters requested are different than current active one (requested -> active):
  custom:video-decoder-ogg-theora: a1e56fd34408186e4bbccfd4996cb3dc -> 
  custom:container-muxer-webm: aa71ff27fc2769a1b78a27578f13a17b -> 
  custom:container-demuxer-webm: 4f35f7cbe854078d1ac9338744f61a02 -> 
  custom:container-demuxer-ogg: 62fdf1f143b41e24485cea50d1cbac27 -> 
  custom:video-encoder-webm-vp8: eb34c28f22e8b96e1ab97ce403110664 -> 
  custom:framework-osx-AVFoundation: e770b220cccbd017edd2c1fefb359320 -> 
  custom:video-decoder-webm-vp8: 9c59270c3fd7afecdb556c50c9e8de78 -> 
  custom:audio-decoder-ogg-vorbis: bf7c407c2cedff20999df2af8eb42d56 -> 
  custom:audio-encoder-webm-vorbis: bf7c407c2cedff20999df2af8eb42d56 -> 
========================================================================
Received Import Request.
  Time since last request: 2378.932437 seconds.
  path: Assets/Scenes/HighScores.unity
  artifactKey: Guid(20facc93f843f4e99bbe970d153993f6) Importer(815301076,1909f56bfc062723c751e8b465ee728b)
Start importing Assets/Scenes/HighScores.unity using Guid(20facc93f843f4e99bbe970d153993f6) Importer(815301076,1909f56bfc062723c751e8b465ee728b)  -> (artifact id: '711e6ee6b38e94f33f66509f87229f0b') in 0.066113 seconds 
  Import took 0.081712 seconds .

========================================================================
Received Import Request.
  Time since last request: 20.253655 seconds.
  path: Assets/Scenes/Instructions.unity
  artifactKey: Guid(e6a850c376daa4512ac07e128817294c) Importer(815301076,1909f56bfc062723c751e8b465ee728b)
Start importing Assets/Scenes/Instructions.unity using Guid(e6a850c376daa4512ac07e128817294c) Importer(815301076,1909f56bfc062723c751e8b465ee728b)  -> (artifact id: '74703ffb64e2e28c02adeaff03fa057d') in 0.003341 seconds 
  Import took 0.014693 seconds .

========================================================================
Received Import Request.
  Time since last request: 59.171779 seconds.
  path: Assets/Scenes/Level 2.unity
  artifactKey: Guid(34848dad19e454be59177e6780cf7bdb) Importer(815301076,1909f56bfc062723c751e8b465ee728b)
Start importing Assets/Scenes/Level 2.unity using Guid(34848dad19e454be59177e6780cf7bdb) Importer(815301076,1909f56bfc062723c751e8b465ee728b)  -> (artifact id: '108ca1509a7a265ce6c2cc690160e9fe') in 0.005763 seconds 
  Import took 0.020455 seconds .

========================================================================
Received Import Request.
  Time since last request: 24.673454 seconds.
  path: Assets/Scenes/Level 3.unity
  artifactKey: Guid(f23fe67877f3b44ab8218561a54c1b5b) Importer(815301076,1909f56bfc062723c751e8b465ee728b)
Start importing Assets/Scenes/Level 3.unity using Guid(f23fe67877f3b44ab8218561a54c1b5b) Importer(815301076,1909f56bfc062723c751e8b465ee728b)  -> (artifact id: '1f9f0411db309aabb67a1ab28c3ac830') in 0.002746 seconds 
  Import took 0.008068 seconds .

========================================================================
Received Import Request.
  Time since last request: 17.541684 seconds.
  path: Assets/Scenes/Main Menu.unity
  artifactKey: Guid(29b1a15602ea44026849be102a8a5c8e) Importer(815301076,1909f56bfc062723c751e8b465ee728b)
Start importing Assets/Scenes/Main Menu.unity using Guid(29b1a15602ea44026849be102a8a5c8e) Importer(815301076,1909f56bfc062723c751e8b465ee728b)  -> (artifact id: '7633c421a2ed6cc2fca0cb8cd6f3de30') in 0.020763 seconds 
  Import took 0.026510 seconds .

========================================================================
Received Import Request.
  Time since last request: 3.920356 seconds.
  path: Assets/Scenes/HighScores.unity
  artifactKey: Guid(20facc93f843f4e99bbe970d153993f6) Importer(815301076,1909f56bfc062723c751e8b465ee728b)
Start importing Assets/Scenes/HighScores.unity using Guid(20facc93f843f4e99bbe970d153993f6) Importer(815301076,1909f56bfc062723c751e8b465ee728b)  -> (artifact id: 'f731bd21f47b9da3a398dab30b2b762f') in 0.003749 seconds 
  Import took 0.017926 seconds .

========================================================================
Received Import Request.
  Time since last request: 129.330750 seconds.
  path: Assets/Standard Assets/Vehicles/Aircraft/Textures/AircraftWingsJetNormals.png
  artifactKey: Guid(f7c27487b4792e640b8816a7e0e2f5dd) Importer(815301076,1909f56bfc062723c751e8b465ee728b)
Start importing Assets/Standard Assets/Vehicles/Aircraft/Textures/AircraftWingsJetNormals.png using Guid(f7c27487b4792e640b8816a7e0e2f5dd) Importer(815301076,1909f56bfc062723c751e8b465ee728b)  -> (artifact id: '71f9e4ca021d28f0b9e838757052a614') in 0.184469 seconds 
  Import took 0.209034 seconds .

========================================================================
Received Import Request.
  Time since last request: 0.000323 seconds.
  path: Assets/Standard Assets/Vehicles/Aircraft/Textures/AircraftWingsPropellerOcclusion.png
  artifactKey: Guid(0ad6f20f99271564d93962d2b51bf9b0) Importer(815301076,1909f56bfc062723c751e8b465ee728b)
Start importing Assets/Standard Assets/Vehicles/Aircraft/Textures/AircraftWingsPropellerOcclusion.png using Guid(0ad6f20f99271564d93962d2b51bf9b0) Importer(815301076,1909f56bfc062723c751e8b465ee728b)  -> (artifact id: 'd0af211923feff49f5db095f9e3921a7') in 0.061420 seconds 
  Import took 0.071021 seconds .

========================================================================
Received Import Request.
  Time since last request: 0.004228 seconds.
  path: Assets/Standard Assets/Vehicles/Aircraft/Textures/AircraftWingsJetOcclusion.png
  artifactKey: Guid(a2203213fc4dd244e90e1e9d1862c097) Importer(815301076,1909f56bfc062723c751e8b465ee728b)
Start importing Assets/Standard Assets/Vehicles/Aircraft/Textures/AircraftWingsJetOcclusion.png using Guid(a2203213fc4dd244e90e1e9d1862c097) Importer(815301076,1909f56bfc062723c751e8b465ee728b)  -> (artifact id: '343e3eff5d9dfca9a10b5430468877a5') in 0.023817 seconds 
  Import took 0.029693 seconds .

========================================================================
Received Import Request.
  Time since last request: 0.004912 seconds.
  path: Assets/Standard Assets/Vehicles/Aircraft/Textures/AircraftWingsPropellerNormals.png
  artifactKey: Guid(5b834380674bf7e48ade2f253138543f) Importer(815301076,1909f56bfc062723c751e8b465ee728b)
Start importing Assets/Standard Assets/Vehicles/Aircraft/Textures/AircraftWingsPropellerNormals.png using Guid(5b834380674bf7e48ade2f253138543f) Importer(815301076,1909f56bfc062723c751e8b465ee728b)  -> (artifact id: '902ed005cc77977f3e677c69a4c43656') in 0.028411 seconds 
  Import took 0.033554 seconds .

========================================================================
Received Import Request.
  Time since last request: 0.149394 seconds.
  path: Assets/Standard Assets/2D/Sprites/BackgroundGreyGridSprite.png
  artifactKey: Guid(cbbabe9e292f5604897926494bb38fef) Importer(815301076,1909f56bfc062723c751e8b465ee728b)
Start importing Assets/Standard Assets/2D/Sprites/BackgroundGreyGridSprite.png using Guid(cbbabe9e292f5604897926494bb38fef) Importer(815301076,1909f56bfc062723c751e8b465ee728b)  -> (artifact id: 'a761bc80aa535ddf80f0a58236a3ff3c') in 0.314138 seconds 
  Import took 0.318346 seconds .

========================================================================
Received Import Request.
  Time since last request: 0.000237 seconds.
  path: Assets/Images/BalloonSpriteSheetv2.png
  artifactKey: Guid(fdff18c8c451248178a6addfc2a4cf90) Importer(815301076,1909f56bfc062723c751e8b465ee728b)
Start importing Assets/Images/BalloonSpriteSheetv2.png using Guid(fdff18c8c451248178a6addfc2a4cf90) Importer(815301076,1909f56bfc062723c751e8b465ee728b)  -> (artifact id: '4cfffb61bc1e1e04c3a4d508172daf5e') in 0.060715 seconds 
  Import took 0.064021 seconds .

========================================================================
Received Import Request.
  Time since last request: 0.000236 seconds.
  path: Assets/Images/balloon_PNG4960.png
  artifactKey: Guid(d31054709e47841ff98900292f81caca) Importer(815301076,1909f56bfc062723c751e8b465ee728b)
Start importing Assets/Images/balloon_PNG4960.png using Guid(d31054709e47841ff98900292f81caca) Importer(815301076,1909f56bfc062723c751e8b465ee728b)  -> (artifact id: 'f5de032581de713f9b959d506fc60759') in 0.012634 seconds 
  Import took 0.017920 seconds .

========================================================================
Received Import Request.
  Time since last request: 0.000224 seconds.
  path: Assets/Standard Assets/2D/Sprites/BackgroundNavyGridSprite.png
  artifactKey: Guid(1d0c184845252df44a655359de388cb8) Importer(815301076,1909f56bfc062723c751e8b465ee728b)
Start importing Assets/Standard Assets/2D/Sprites/BackgroundNavyGridSprite.png using Guid(1d0c184845252df44a655359de388cb8) Importer(815301076,1909f56bfc062723c751e8b465ee728b)  -> (artifact id: '9dd88c710a741d12e7add0ae7c291525') in 0.010552 seconds 
  Import took 0.013612 seconds .

========================================================================
Received Import Request.
  Time since last request: 63.239778 seconds.
  path: Assets/Scripts/Balloon_Movement.cs
  artifactKey: Guid(54c75409c422146658618dd24fe3f728) Importer(815301076,1909f56bfc062723c751e8b465ee728b)
Start importing Assets/Scripts/Balloon_Movement.cs using Guid(54c75409c422146658618dd24fe3f728) Importer(815301076,1909f56bfc062723c751e8b465ee728b)  -> (artifact id: 'd8a36b37f46a136bcc0abebf368df988') in 1.923838 seconds 
  Import took 1.948392 seconds .

========================================================================
Received Prepare
Registering precompiled user dll's ...
Registered in 0.002728 seconds.
Begin MonoManager ReloadAssembly
Native extension for OSXStandalone target not found
Native extension for WebGL target not found
Refreshing native plugins compatible for Editor in 1.46 ms, found 3 plugins.
Preloading 0 native plugins for Editor in 0.00 ms.
Mono: successfully reloaded assembly
- Completed reload, in  3.344 seconds
Domain Reload Profiling:
	ReloadAssembly (3348ms)
		BeginReloadAssembly (415ms)
			ExecutionOrderSort (0ms)
			DisableScriptedObjects (60ms)
			BackupInstance (0ms)
			ReleaseScriptingObjects (0ms)
			CreateAndSetChildDomain (138ms)
		EndReloadAssembly (2770ms)
			LoadAssemblies (437ms)
			RebuildTransferFunctionScriptingTraits (1ms)
			SetupTypeCache (515ms)
			ReleaseScriptCaches (9ms)
			RebuildScriptCaches (87ms)
			SetupLoadedEditorAssemblies (1347ms)
				LogAssemblyErrors (0ms)
				InitializePlatformSupportModulesInManaged (23ms)
				SetLoadedEditorAssemblies (2ms)
				RefreshPlugins (2ms)
				BeforeProcessingInitializeOnLoad (310ms)
				ProcessInitializeOnLoadAttributes (959ms)
				ProcessInitializeOnLoadMethodAttributes (50ms)
				AfterProcessingInitializeOnLoad (1ms)
				EditorAssembliesLoaded (1ms)
			ExecutionOrderSort2 (0ms)
			AwakeInstancesAfterBackupRestoration (52ms)
Platform modules already initialized, skipping
Refreshing native plugins compatible for Editor in 0.51 ms, found 3 plugins.
Preloading 0 native plugins for Editor in 0.00 ms.
Unloading 2308 Unused Serialized files (Serialized files now loaded: 0)
System memory in use before: 241.2 MB.
System memory in use after: 240.7 MB.

Unloading 22 unused Assets to reduce memory usage. Loaded Objects now: 2845.
Total: 3.113417 ms (FindLiveObjects: 0.179459 ms CreateObjectMapping: 0.099333 ms MarkObjects: 2.303875 ms  DeleteObjects: 0.529958 ms)

AssetImportParameters requested are different than current active one (requested -> active):
  custom:video-decoder-ogg-theora: a1e56fd34408186e4bbccfd4996cb3dc -> 
  custom:container-muxer-webm: aa71ff27fc2769a1b78a27578f13a17b -> 
  custom:container-demuxer-webm: 4f35f7cbe854078d1ac9338744f61a02 -> 
  custom:container-demuxer-ogg: 62fdf1f143b41e24485cea50d1cbac27 -> 
  custom:video-encoder-webm-vp8: eb34c28f22e8b96e1ab97ce403110664 -> 
  custom:framework-osx-AVFoundation: e770b220cccbd017edd2c1fefb359320 -> 
  custom:video-decoder-webm-vp8: 9c59270c3fd7afecdb556c50c9e8de78 -> 
  custom:audio-decoder-ogg-vorbis: bf7c407c2cedff20999df2af8eb42d56 -> 
  custom:audio-encoder-webm-vorbis: bf7c407c2cedff20999df2af8eb42d56 -> 
========================================================================
Received Prepare
Registering precompiled user dll's ...
Registered in 0.001828 seconds.
Begin MonoManager ReloadAssembly
Native extension for OSXStandalone target not found
Native extension for WebGL target not found
Refreshing native plugins compatible for Editor in 0.49 ms, found 3 plugins.
Preloading 0 native plugins for Editor in 0.00 ms.
Mono: successfully reloaded assembly
- Completed reload, in  2.699 seconds
Domain Reload Profiling:
	ReloadAssembly (2701ms)
		BeginReloadAssembly (262ms)
			ExecutionOrderSort (0ms)
			DisableScriptedObjects (42ms)
			BackupInstance (0ms)
			ReleaseScriptingObjects (0ms)
			CreateAndSetChildDomain (95ms)
		EndReloadAssembly (2333ms)
			LoadAssemblies (206ms)
			RebuildTransferFunctionScriptingTraits (0ms)
			SetupTypeCache (385ms)
			ReleaseScriptCaches (1ms)
			RebuildScriptCaches (57ms)
			SetupLoadedEditorAssemblies (1337ms)
				LogAssemblyErrors (0ms)
				InitializePlatformSupportModulesInManaged (25ms)
				SetLoadedEditorAssemblies (2ms)
				RefreshPlugins (1ms)
				BeforeProcessingInitializeOnLoad (371ms)
				ProcessInitializeOnLoadAttributes (892ms)
				ProcessInitializeOnLoadMethodAttributes (46ms)
				AfterProcessingInitializeOnLoad (1ms)
				EditorAssembliesLoaded (0ms)
			ExecutionOrderSort2 (0ms)
			AwakeInstancesAfterBackupRestoration (42ms)
Platform modules already initialized, skipping
Refreshing native plugins compatible for Editor in 0.49 ms, found 3 plugins.
Preloading 0 native plugins for Editor in 0.00 ms.
Unloading 2308 Unused Serialized files (Serialized files now loaded: 0)
System memory in use before: 241.4 MB.
System memory in use after: 240.9 MB.

Unloading 22 unused Assets to reduce memory usage. Loaded Objects now: 2848.
Total: 2.693083 ms (FindLiveObjects: 0.124667 ms CreateObjectMapping: 0.089791 ms MarkObjects: 2.008750 ms  DeleteObjects: 0.468875 ms)

AssetImportParameters requested are different than current active one (requested -> active):
  custom:video-decoder-ogg-theora: a1e56fd34408186e4bbccfd4996cb3dc -> 
  custom:container-muxer-webm: aa71ff27fc2769a1b78a27578f13a17b -> 
  custom:container-demuxer-webm: 4f35f7cbe854078d1ac9338744f61a02 -> 
  custom:container-demuxer-ogg: 62fdf1f143b41e24485cea50d1cbac27 -> 
  custom:video-encoder-webm-vp8: eb34c28f22e8b96e1ab97ce403110664 -> 
  custom:framework-osx-AVFoundation: e770b220cccbd017edd2c1fefb359320 -> 
  custom:video-decoder-webm-vp8: 9c59270c3fd7afecdb556c50c9e8de78 -> 
  custom:audio-decoder-ogg-vorbis: bf7c407c2cedff20999df2af8eb42d56 -> 
  custom:audio-encoder-webm-vorbis: bf7c407c2cedff20999df2af8eb42d56 -> 
========================================================================
Received Import Request.
  Time since last request: 105.888248 seconds.
  path: Assets/Scripts/Balloon_Movement.cs
  artifactKey: Guid(54c75409c422146658618dd24fe3f728) Importer(815301076,1909f56bfc062723c751e8b465ee728b)
Start importing Assets/Scripts/Balloon_Movement.cs using Guid(54c75409c422146658618dd24fe3f728) Importer(815301076,1909f56bfc062723c751e8b465ee728b)  -> (artifact id: 'a34be28586697d6f79c44c42338d8478') in 0.007565 seconds 
  Import took 0.010387 seconds .

========================================================================
Received Import Request.
  Time since last request: 50.281458 seconds.
  path: Assets/Scenes/Level 1.unity
  artifactKey: Guid(c18bc876b8ad44d6b837c0608dd3c925) Importer(815301076,1909f56bfc062723c751e8b465ee728b)
Start importing Assets/Scenes/Level 1.unity using Guid(c18bc876b8ad44d6b837c0608dd3c925) Importer(815301076,1909f56bfc062723c751e8b465ee728b)  -> (artifact id: '5687eb9167c58c56df3c396550352800') in 0.036311 seconds 
  Import took 0.058173 seconds .

========================================================================
Received Prepare
Registering precompiled user dll's ...
Registered in 0.003050 seconds.
Begin MonoManager ReloadAssembly
Native extension for OSXStandalone target not found
Native extension for WebGL target not found
Refreshing native plugins compatible for Editor in 1.05 ms, found 3 plugins.
Preloading 0 native plugins for Editor in 0.00 ms.
Mono: successfully reloaded assembly
- Completed reload, in  3.397 seconds
Domain Reload Profiling:
	ReloadAssembly (3400ms)
		BeginReloadAssembly (645ms)
			ExecutionOrderSort (0ms)
			DisableScriptedObjects (86ms)
			BackupInstance (0ms)
			ReleaseScriptingObjects (0ms)
			CreateAndSetChildDomain (176ms)
		EndReloadAssembly (2597ms)
			LoadAssemblies (584ms)
			RebuildTransferFunctionScriptingTraits (8ms)
			SetupTypeCache (410ms)
			ReleaseScriptCaches (6ms)
			RebuildScriptCaches (61ms)
			SetupLoadedEditorAssemblies (1393ms)
				LogAssemblyErrors (0ms)
				InitializePlatformSupportModulesInManaged (22ms)
				SetLoadedEditorAssemblies (3ms)
				RefreshPlugins (1ms)
				BeforeProcessingInitializeOnLoad (311ms)
				ProcessInitializeOnLoadAttributes (1012ms)
				ProcessInitializeOnLoadMethodAttributes (43ms)
				AfterProcessingInitializeOnLoad (1ms)
				EditorAssembliesLoaded (0ms)
			ExecutionOrderSort2 (0ms)
			AwakeInstancesAfterBackupRestoration (47ms)
Platform modules already initialized, skipping
Refreshing native plugins compatible for Editor in 0.47 ms, found 3 plugins.
Preloading 0 native plugins for Editor in 0.00 ms.
Unloading 2308 Unused Serialized files (Serialized files now loaded: 0)
System memory in use before: 241.6 MB.
System memory in use after: 241.1 MB.

Unloading 22 unused Assets to reduce memory usage. Loaded Objects now: 2851.
Total: 3.777334 ms (FindLiveObjects: 0.158125 ms CreateObjectMapping: 0.094500 ms MarkObjects: 2.738709 ms  DeleteObjects: 0.785084 ms)

AssetImportParameters requested are different than current active one (requested -> active):
  custom:video-decoder-ogg-theora: a1e56fd34408186e4bbccfd4996cb3dc -> 
  custom:container-muxer-webm: aa71ff27fc2769a1b78a27578f13a17b -> 
  custom:container-demuxer-webm: 4f35f7cbe854078d1ac9338744f61a02 -> 
  custom:container-demuxer-ogg: 62fdf1f143b41e24485cea50d1cbac27 -> 
  custom:video-encoder-webm-vp8: eb34c28f22e8b96e1ab97ce403110664 -> 
  custom:framework-osx-AVFoundation: e770b220cccbd017edd2c1fefb359320 -> 
  custom:video-decoder-webm-vp8: 9c59270c3fd7afecdb556c50c9e8de78 -> 
  custom:audio-decoder-ogg-vorbis: bf7c407c2cedff20999df2af8eb42d56 -> 
  custom:audio-encoder-webm-vorbis: bf7c407c2cedff20999df2af8eb42d56 -> 
========================================================================
Received Prepare
Registering precompiled user dll's ...
Registered in 0.001647 seconds.
Begin MonoManager ReloadAssembly
Native extension for OSXStandalone target not found
Native extension for WebGL target not found
Refreshing native plugins compatible for Editor in 0.69 ms, found 3 plugins.
Preloading 0 native plugins for Editor in 0.00 ms.
Mono: successfully reloaded assembly
- Completed reload, in  2.631 seconds
Domain Reload Profiling:
	ReloadAssembly (2632ms)
		BeginReloadAssembly (270ms)
			ExecutionOrderSort (0ms)
			DisableScriptedObjects (45ms)
			BackupInstance (0ms)
			ReleaseScriptingObjects (0ms)
			CreateAndSetChildDomain (87ms)
		EndReloadAssembly (2258ms)
			LoadAssemblies (220ms)
			RebuildTransferFunctionScriptingTraits (0ms)
			SetupTypeCache (369ms)
			ReleaseScriptCaches (1ms)
			RebuildScriptCaches (57ms)
			SetupLoadedEditorAssemblies (1279ms)
				LogAssemblyErrors (0ms)
				InitializePlatformSupportModulesInManaged (18ms)
				SetLoadedEditorAssemblies (2ms)
				RefreshPlugins (1ms)
				BeforeProcessingInitializeOnLoad (345ms)
				ProcessInitializeOnLoadAttributes (867ms)
				ProcessInitializeOnLoadMethodAttributes (45ms)
				AfterProcessingInitializeOnLoad (1ms)
				EditorAssembliesLoaded (0ms)
			ExecutionOrderSort2 (0ms)
			AwakeInstancesAfterBackupRestoration (47ms)
Platform modules already initialized, skipping
Refreshing native plugins compatible for Editor in 0.45 ms, found 3 plugins.
Preloading 0 native plugins for Editor in 0.00 ms.
Unloading 2308 Unused Serialized files (Serialized files now loaded: 0)
System memory in use before: 241.7 MB.
System memory in use after: 241.3 MB.

Unloading 22 unused Assets to reduce memory usage. Loaded Objects now: 2854.
Total: 2.579042 ms (FindLiveObjects: 0.097083 ms CreateObjectMapping: 0.045959 ms MarkObjects: 1.996667 ms  DeleteObjects: 0.438542 ms)

AssetImportParameters requested are different than current active one (requested -> active):
  custom:video-decoder-ogg-theora: a1e56fd34408186e4bbccfd4996cb3dc -> 
  custom:container-muxer-webm: aa71ff27fc2769a1b78a27578f13a17b -> 
  custom:container-demuxer-webm: 4f35f7cbe854078d1ac9338744f61a02 -> 
  custom:container-demuxer-ogg: 62fdf1f143b41e24485cea50d1cbac27 -> 
  custom:video-encoder-webm-vp8: eb34c28f22e8b96e1ab97ce403110664 -> 
  custom:framework-osx-AVFoundation: e770b220cccbd017edd2c1fefb359320 -> 
  custom:video-decoder-webm-vp8: 9c59270c3fd7afecdb556c50c9e8de78 -> 
  custom:audio-decoder-ogg-vorbis: bf7c407c2cedff20999df2af8eb42d56 -> 
  custom:audio-encoder-webm-vorbis: bf7c407c2cedff20999df2af8eb42d56 -> 
========================================================================
Received Prepare
Registering precompiled user dll's ...
Registered in 0.015639 seconds.
Begin MonoManager ReloadAssembly
Native extension for OSXStandalone target not found
Native extension for WebGL target not found
Refreshing native plugins compatible for Editor in 1.27 ms, found 3 plugins.
Preloading 0 native plugins for Editor in 0.00 ms.
Mono: successfully reloaded assembly
- Completed reload, in  2.994 seconds
Domain Reload Profiling:
	ReloadAssembly (2995ms)
		BeginReloadAssembly (428ms)
			ExecutionOrderSort (0ms)
			DisableScriptedObjects (47ms)
			BackupInstance (0ms)
			ReleaseScriptingObjects (0ms)
			CreateAndSetChildDomain (150ms)
		EndReloadAssembly (2418ms)
			LoadAssemblies (400ms)
			RebuildTransferFunctionScriptingTraits (0ms)
			SetupTypeCache (398ms)
			ReleaseScriptCaches (10ms)
			RebuildScriptCaches (62ms)
			SetupLoadedEditorAssemblies (1297ms)
				LogAssemblyErrors (0ms)
				InitializePlatformSupportModulesInManaged (20ms)
				SetLoadedEditorAssemblies (2ms)
				RefreshPlugins (1ms)
				BeforeProcessingInitializeOnLoad (298ms)
				ProcessInitializeOnLoadAttributes (930ms)
				ProcessInitializeOnLoadMethodAttributes (44ms)
				AfterProcessingInitializeOnLoad (1ms)
				EditorAssembliesLoaded (0ms)
			ExecutionOrderSort2 (0ms)
			AwakeInstancesAfterBackupRestoration (47ms)
Platform modules already initialized, skipping
Refreshing native plugins compatible for Editor in 0.48 ms, found 3 plugins.
Preloading 0 native plugins for Editor in 0.00 ms.
Unloading 2308 Unused Serialized files (Serialized files now loaded: 0)
System memory in use before: 241.8 MB.
System memory in use after: 241.4 MB.

Unloading 22 unused Assets to reduce memory usage. Loaded Objects now: 2857.
Total: 2.907584 ms (FindLiveObjects: 0.146625 ms CreateObjectMapping: 0.088750 ms MarkObjects: 2.160084 ms  DeleteObjects: 0.511042 ms)

AssetImportParameters requested are different than current active one (requested -> active):
  custom:video-decoder-ogg-theora: a1e56fd34408186e4bbccfd4996cb3dc -> 
  custom:container-muxer-webm: aa71ff27fc2769a1b78a27578f13a17b -> 
  custom:container-demuxer-webm: 4f35f7cbe854078d1ac9338744f61a02 -> 
  custom:container-demuxer-ogg: 62fdf1f143b41e24485cea50d1cbac27 -> 
  custom:video-encoder-webm-vp8: eb34c28f22e8b96e1ab97ce403110664 -> 
  custom:framework-osx-AVFoundation: e770b220cccbd017edd2c1fefb359320 -> 
  custom:video-decoder-webm-vp8: 9c59270c3fd7afecdb556c50c9e8de78 -> 
  custom:audio-decoder-ogg-vorbis: bf7c407c2cedff20999df2af8eb42d56 -> 
  custom:audio-encoder-webm-vorbis: bf7c407c2cedff20999df2af8eb42d56 -> 
========================================================================
Received Prepare
Registering precompiled user dll's ...
Registered in 0.002874 seconds.
Begin MonoManager ReloadAssembly
Native extension for OSXStandalone target not found
Native extension for WebGL target not found
Refreshing native plugins compatible for Editor in 0.48 ms, found 3 plugins.
Preloading 0 native plugins for Editor in 0.00 ms.
Mono: successfully reloaded assembly
- Completed reload, in  2.602 seconds
Domain Reload Profiling:
	ReloadAssembly (2603ms)
		BeginReloadAssembly (238ms)
			ExecutionOrderSort (0ms)
			DisableScriptedObjects (41ms)
			BackupInstance (0ms)
			ReleaseScriptingObjects (0ms)
			CreateAndSetChildDomain (84ms)
		EndReloadAssembly (2262ms)
			LoadAssemblies (194ms)
			RebuildTransferFunctionScriptingTraits (0ms)
			SetupTypeCache (361ms)
			ReleaseScriptCaches (1ms)
			RebuildScriptCaches (58ms)
			SetupLoadedEditorAssemblies (1294ms)
				LogAssemblyErrors (0ms)
				InitializePlatformSupportModulesInManaged (18ms)
				SetLoadedEditorAssemblies (2ms)
				RefreshPlugins (1ms)
				BeforeProcessingInitializeOnLoad (356ms)
				ProcessInitializeOnLoadAttributes (875ms)
				ProcessInitializeOnLoadMethodAttributes (42ms)
				AfterProcessingInitializeOnLoad (1ms)
				EditorAssembliesLoaded (0ms)
			ExecutionOrderSort2 (0ms)
			AwakeInstancesAfterBackupRestoration (45ms)
Platform modules already initialized, skipping
Refreshing native plugins compatible for Editor in 0.46 ms, found 3 plugins.
Preloading 0 native plugins for Editor in 0.00 ms.
Unloading 2308 Unused Serialized files (Serialized files now loaded: 0)
System memory in use before: 242.1 MB.
System memory in use after: 241.7 MB.

Unloading 22 unused Assets to reduce memory usage. Loaded Objects now: 2860.
Total: 2.536625 ms (FindLiveObjects: 0.097792 ms CreateObjectMapping: 0.045041 ms MarkObjects: 1.951292 ms  DeleteObjects: 0.441709 ms)

AssetImportParameters requested are different than current active one (requested -> active):
  custom:video-decoder-ogg-theora: a1e56fd34408186e4bbccfd4996cb3dc -> 
  custom:container-muxer-webm: aa71ff27fc2769a1b78a27578f13a17b -> 
  custom:container-demuxer-webm: 4f35f7cbe854078d1ac9338744f61a02 -> 
  custom:container-demuxer-ogg: 62fdf1f143b41e24485cea50d1cbac27 -> 
  custom:video-encoder-webm-vp8: eb34c28f22e8b96e1ab97ce403110664 -> 
  custom:framework-osx-AVFoundation: e770b220cccbd017edd2c1fefb359320 -> 
  custom:video-decoder-webm-vp8: 9c59270c3fd7afecdb556c50c9e8de78 -> 
  custom:audio-decoder-ogg-vorbis: bf7c407c2cedff20999df2af8eb42d56 -> 
  custom:audio-encoder-webm-vorbis: bf7c407c2cedff20999df2af8eb42d56 -> 
========================================================================
Received Import Request.
  Time since last request: 204.596033 seconds.
  path: Assets/Scenes/Main Menu.unity
  artifactKey: Guid(29b1a15602ea44026849be102a8a5c8e) Importer(815301076,1909f56bfc062723c751e8b465ee728b)
Start importing Assets/Scenes/Main Menu.unity using Guid(29b1a15602ea44026849be102a8a5c8e) Importer(815301076,1909f56bfc062723c751e8b465ee728b)  -> (artifact id: '2a8f95195846abdff19ae4fbff8b794c') in 0.048572 seconds 
  Import took 0.069702 seconds .

========================================================================
Received Prepare
Registering precompiled user dll's ...
Registered in 0.004189 seconds.
Begin MonoManager ReloadAssembly
Native extension for OSXStandalone target not found
Native extension for WebGL target not found
Refreshing native plugins compatible for Editor in 0.50 ms, found 3 plugins.
Preloading 0 native plugins for Editor in 0.00 ms.
Mono: successfully reloaded assembly
- Completed reload, in  2.602 seconds
Domain Reload Profiling:
	ReloadAssembly (2603ms)
		BeginReloadAssembly (278ms)
			ExecutionOrderSort (0ms)
			DisableScriptedObjects (47ms)
			BackupInstance (0ms)
			ReleaseScriptingObjects (0ms)
			CreateAndSetChildDomain (110ms)
		EndReloadAssembly (2223ms)
			LoadAssemblies (217ms)
			RebuildTransferFunctionScriptingTraits (0ms)
			SetupTypeCache (379ms)
			ReleaseScriptCaches (1ms)
			RebuildScriptCaches (66ms)
			SetupLoadedEditorAssemblies (1215ms)
				LogAssemblyErrors (0ms)
				InitializePlatformSupportModulesInManaged (19ms)
				SetLoadedEditorAssemblies (2ms)
				RefreshPlugins (1ms)
				BeforeProcessingInitializeOnLoad (291ms)
				ProcessInitializeOnLoadAttributes (860ms)
				ProcessInitializeOnLoadMethodAttributes (42ms)
				AfterProcessingInitializeOnLoad (1ms)
				EditorAssembliesLoaded (0ms)
			ExecutionOrderSort2 (0ms)
			AwakeInstancesAfterBackupRestoration (46ms)
Platform modules already initialized, skipping
Refreshing native plugins compatible for Editor in 0.48 ms, found 3 plugins.
Preloading 0 native plugins for Editor in 0.00 ms.
Unloading 2308 Unused Serialized files (Serialized files now loaded: 0)
System memory in use before: 242.3 MB.
System memory in use after: 241.9 MB.

Unloading 22 unused Assets to reduce memory usage. Loaded Objects now: 2863.
Total: 2.784125 ms (FindLiveObjects: 0.114750 ms CreateObjectMapping: 0.047833 ms MarkObjects: 2.134667 ms  DeleteObjects: 0.486000 ms)

AssetImportParameters requested are different than current active one (requested -> active):
  custom:video-decoder-ogg-theora: a1e56fd34408186e4bbccfd4996cb3dc -> 
  custom:container-muxer-webm: aa71ff27fc2769a1b78a27578f13a17b -> 
  custom:container-demuxer-webm: 4f35f7cbe854078d1ac9338744f61a02 -> 
  custom:container-demuxer-ogg: 62fdf1f143b41e24485cea50d1cbac27 -> 
  custom:video-encoder-webm-vp8: eb34c28f22e8b96e1ab97ce403110664 -> 
  custom:framework-osx-AVFoundation: e770b220cccbd017edd2c1fefb359320 -> 
  custom:video-decoder-webm-vp8: 9c59270c3fd7afecdb556c50c9e8de78 -> 
  custom:audio-decoder-ogg-vorbis: bf7c407c2cedff20999df2af8eb42d56 -> 
  custom:audio-encoder-webm-vorbis: bf7c407c2cedff20999df2af8eb42d56 -> 
========================================================================
Received Prepare
Registering precompiled user dll's ...
Registered in 0.003752 seconds.
Begin MonoManager ReloadAssembly
Native extension for OSXStandalone target not found
Native extension for WebGL target not found
Refreshing native plugins compatible for Editor in 1.13 ms, found 3 plugins.
Preloading 0 native plugins for Editor in 0.00 ms.
Mono: successfully reloaded assembly
- Completed reload, in  3.218 seconds
Domain Reload Profiling:
	ReloadAssembly (3220ms)
		BeginReloadAssembly (586ms)
			ExecutionOrderSort (0ms)
			DisableScriptedObjects (84ms)
			BackupInstance (0ms)
			ReleaseScriptingObjects (0ms)
			CreateAndSetChildDomain (192ms)
		EndReloadAssembly (2512ms)
			LoadAssemblies (381ms)
			RebuildTransferFunctionScriptingTraits (0ms)
			SetupTypeCache (387ms)
			ReleaseScriptCaches (5ms)
			RebuildScriptCaches (64ms)
			SetupLoadedEditorAssemblies (1456ms)
				LogAssemblyErrors (0ms)
				InitializePlatformSupportModulesInManaged (20ms)
				SetLoadedEditorAssemblies (2ms)
				RefreshPlugins (1ms)
				BeforeProcessingInitializeOnLoad (374ms)
				ProcessInitializeOnLoadAttributes (1013ms)
				ProcessInitializeOnLoadMethodAttributes (44ms)
				AfterProcessingInitializeOnLoad (1ms)
				EditorAssembliesLoaded (0ms)
			ExecutionOrderSort2 (0ms)
			AwakeInstancesAfterBackupRestoration (48ms)
Platform modules already initialized, skipping
Refreshing native plugins compatible for Editor in 0.47 ms, found 3 plugins.
Preloading 0 native plugins for Editor in 0.00 ms.
Unloading 2308 Unused Serialized files (Serialized files now loaded: 0)
System memory in use before: 242.5 MB.
System memory in use after: 242.1 MB.

Unloading 22 unused Assets to reduce memory usage. Loaded Objects now: 2866.
Total: 3.088250 ms (FindLiveObjects: 0.258666 ms CreateObjectMapping: 0.101459 ms MarkObjects: 2.224959 ms  DeleteObjects: 0.502250 ms)

AssetImportParameters requested are different than current active one (requested -> active):
  custom:video-decoder-ogg-theora: a1e56fd34408186e4bbccfd4996cb3dc -> 
  custom:container-muxer-webm: aa71ff27fc2769a1b78a27578f13a17b -> 
  custom:container-demuxer-webm: 4f35f7cbe854078d1ac9338744f61a02 -> 
  custom:container-demuxer-ogg: 62fdf1f143b41e24485cea50d1cbac27 -> 
  custom:video-encoder-webm-vp8: eb34c28f22e8b96e1ab97ce403110664 -> 
  custom:framework-osx-AVFoundation: e770b220cccbd017edd2c1fefb359320 -> 
  custom:video-decoder-webm-vp8: 9c59270c3fd7afecdb556c50c9e8de78 -> 
  custom:audio-decoder-ogg-vorbis: bf7c407c2cedff20999df2af8eb42d56 -> 
  custom:audio-encoder-webm-vorbis: bf7c407c2cedff20999df2af8eb42d56 -> 
========================================================================
Received Prepare
Registering precompiled user dll's ...
Registered in 0.003309 seconds.
Begin MonoManager ReloadAssembly
Native extension for OSXStandalone target not found
Native extension for WebGL target not found
Refreshing native plugins compatible for Editor in 0.72 ms, found 3 plugins.
Preloading 0 native plugins for Editor in 0.00 ms.
Mono: successfully reloaded assembly
- Completed reload, in  2.606 seconds
Domain Reload Profiling:
	ReloadAssembly (2607ms)
		BeginReloadAssembly (244ms)
			ExecutionOrderSort (0ms)
			DisableScriptedObjects (41ms)
			BackupInstance (0ms)
			ReleaseScriptingObjects (0ms)
			CreateAndSetChildDomain (89ms)
		EndReloadAssembly (2252ms)
			LoadAssemblies (197ms)
			RebuildTransferFunctionScriptingTraits (0ms)
			SetupTypeCache (365ms)
			ReleaseScriptCaches (4ms)
			RebuildScriptCaches (60ms)
			SetupLoadedEditorAssemblies (1264ms)
				LogAssemblyErrors (0ms)
				InitializePlatformSupportModulesInManaged (18ms)
				SetLoadedEditorAssemblies (1ms)
				RefreshPlugins (1ms)
				BeforeProcessingInitializeOnLoad (323ms)
				ProcessInitializeOnLoadAttributes (879ms)
				ProcessInitializeOnLoadMethodAttributes (40ms)
				AfterProcessingInitializeOnLoad (1ms)
				EditorAssembliesLoaded (0ms)
			ExecutionOrderSort2 (0ms)
			AwakeInstancesAfterBackupRestoration (43ms)
Platform modules already initialized, skipping
Refreshing native plugins compatible for Editor in 0.46 ms, found 3 plugins.
Preloading 0 native plugins for Editor in 0.00 ms.
Unloading 2308 Unused Serialized files (Serialized files now loaded: 0)
System memory in use before: 242.7 MB.
System memory in use after: 242.3 MB.

Unloading 22 unused Assets to reduce memory usage. Loaded Objects now: 2869.
Total: 2.645375 ms (FindLiveObjects: 0.104875 ms CreateObjectMapping: 0.045500 ms MarkObjects: 2.033417 ms  DeleteObjects: 0.460791 ms)

AssetImportParameters requested are different than current active one (requested -> active):
  custom:video-decoder-ogg-theora: a1e56fd34408186e4bbccfd4996cb3dc -> 
  custom:container-muxer-webm: aa71ff27fc2769a1b78a27578f13a17b -> 
  custom:container-demuxer-webm: 4f35f7cbe854078d1ac9338744f61a02 -> 
  custom:container-demuxer-ogg: 62fdf1f143b41e24485cea50d1cbac27 -> 
  custom:video-encoder-webm-vp8: eb34c28f22e8b96e1ab97ce403110664 -> 
  custom:framework-osx-AVFoundation: e770b220cccbd017edd2c1fefb359320 -> 
  custom:video-decoder-webm-vp8: 9c59270c3fd7afecdb556c50c9e8de78 -> 
  custom:audio-decoder-ogg-vorbis: bf7c407c2cedff20999df2af8eb42d56 -> 
  custom:audio-encoder-webm-vorbis: bf7c407c2cedff20999df2af8eb42d56 -> 
========================================================================
Received Prepare
Refreshing native plugins compatible for Editor in 4.86 ms, found 3 plugins.
Preloading 0 native plugins for Editor in 0.00 ms.
Unloading 20 Unused Serialized files (Serialized files now loaded: 0)
System memory in use before: 196.6 MB.
System memory in use after: 196.2 MB.

Unloading 20 unused Assets to reduce memory usage. Loaded Objects now: 2869.
Total: 17.093417 ms (FindLiveObjects: 3.245542 ms CreateObjectMapping: 0.048375 ms MarkObjects: 13.207125 ms  DeleteObjects: 0.591375 ms)

AssetImportParameters requested are different than current active one (requested -> active):
  custom:video-decoder-ogg-theora: a1e56fd34408186e4bbccfd4996cb3dc -> 
  custom:container-muxer-webm: aa71ff27fc2769a1b78a27578f13a17b -> 
  custom:container-demuxer-webm: 4f35f7cbe854078d1ac9338744f61a02 -> 
  custom:container-demuxer-ogg: 62fdf1f143b41e24485cea50d1cbac27 -> 
  custom:video-encoder-webm-vp8: eb34c28f22e8b96e1ab97ce403110664 -> 
  custom:framework-osx-AVFoundation: e770b220cccbd017edd2c1fefb359320 -> 
  custom:video-decoder-webm-vp8: 9c59270c3fd7afecdb556c50c9e8de78 -> 
  custom:audio-decoder-ogg-vorbis: bf7c407c2cedff20999df2af8eb42d56 -> 
  custom:audio-encoder-webm-vorbis: bf7c407c2cedff20999df2af8eb42d56 -> 
